<?xml version="1.0" encoding="UTF-8"?>
<!-- Generated by org.testng.reporters.JUnitReportReporter -->
<testsuite skipped="0" hostname="LAPTOP-7NMFCK2J" name="com.CRM.TestCases.LoginTest" tests="2" failures="0" timestamp="06 Jan 2019 05:22:13 GMT" time="8.512" errors="0">
  <testcase name="loginpagetitletest" time="0.007" classname="com.CRM.TestCases.LoginTest"/>
  <testcase name="loginpagetest" time="8.505" classname="com.CRM.TestCases.LoginTest"/>
</testsuite> <!-- com.CRM.TestCases.LoginTest -->
